<?xml version="1.0" encoding="UTF-8"?>
<!-- Generated by org.testng.reporters.JUnitReportReporter -->
<testsuite hostname="MILO" failures="0" tests="1" name="HTTPRequests.GET" time="3.162" errors="0" timestamp="2022-06-02T14:37:02 IST" skipped="0">
  <testcase classname="HTTPRequests.GET" name="GetSingleUser" time="3.162"/>
  <system-out/>
</testsuite> <!-- HTTPRequests.GET -->
