<?xml version="1.0" encoding="UTF-8"?>
<!-- Generated by org.testng.reporters.JUnitReportReporter -->
<testsuite hostname="MILO" failures="0" tests="1" name="HTTPRequests.GETUserByName" time="3.268" errors="0" timestamp="2022-06-02T20:12:46 IST" skipped="0">
  <testcase classname="HTTPRequests.GETUserByName" name="GetSingleUser" time="3.268"/>
  <system-out/>
</testsuite> <!-- HTTPRequests.GETUserByName -->
