<?xml version="1.0" encoding="UTF-8"?>
<!-- Generated by org.testng.reporters.JUnitReportReporter -->
<testsuite hostname="MILO" failures="0" tests="1" name="HTTPRequests.GETUserLogin" time="3.191" errors="0" timestamp="2022-06-02T20:13:42 IST" skipped="0">
  <testcase classname="HTTPRequests.GETUserLogin" name="userLogin" time="3.191"/>
  <system-out/>
</testsuite> <!-- HTTPRequests.GETUserLogin -->
