<?xml version="1.0" encoding="UTF-8"?>
<!-- Generated by org.testng.reporters.JUnitReportReporter -->
<testsuite hostname="MILO" failures="0" tests="1" name="store.GETPurchaseByOrderId" time="3.377" errors="0" timestamp="2022-06-08T22:58:55 IST" skipped="0">
  <testcase classname="store.GETPurchaseByOrderId" name="GetInventory" time="3.377"/>
  <system-out/>
</testsuite> <!-- store.GETPurchaseByOrderId -->
