<?xml version="1.0" encoding="UTF-8"?>
<!-- Generated by org.testng.reporters.JUnitReportReporter -->
<testsuite hostname="MILO" failures="0" tests="1" name="HTTPRequests.DELETEUser" time="2.810" errors="0" timestamp="2022-06-02T20:13:26 IST" skipped="0">
  <testcase classname="HTTPRequests.DELETEUser" name="DeleteUser" time="2.810"/>
  <system-out/>
</testsuite> <!-- HTTPRequests.DELETEUser -->
