<?xml version="1.0" encoding="UTF-8"?>
<!-- Generated by org.testng.reporters.JUnitReportReporter -->
<testsuite hostname="MILO" failures="0" tests="1" name="user.DELETEUser" time="3.388" errors="0" timestamp="2022-06-08T23:01:09 IST" skipped="0">
  <testcase classname="user.DELETEUser" name="DeleteUser" time="3.388"/>
  <system-out/>
</testsuite> <!-- user.DELETEUser -->
