<?xml version="1.0" encoding="UTF-8"?>
<!-- Generated by org.testng.reporters.JUnitReportReporter -->
<testsuite hostname="MILO" failures="0" tests="1" name="pet.POSTAddNewPet" time="3.667" errors="0" timestamp="2022-06-09T13:36:07 IST" skipped="0">
  <testcase classname="pet.POSTAddNewPet" name="AddPet" time="3.667"/>
  <system-out/>
</testsuite> <!-- pet.POSTAddNewPet -->
