<?xml version="1.0" encoding="UTF-8"?>
<!-- Generated by org.testng.reporters.JUnitReportReporter -->
<testsuite hostname="MILO" failures="0" tests="1" name="pet.DELETEPet" time="3.307" errors="0" timestamp="2022-06-09T10:52:52 IST" skipped="0">
  <testcase classname="pet.DELETEPet" name="DeleteUser" time="3.307"/>
  <system-out/>
</testsuite> <!-- pet.DELETEPet -->
