<?xml version="1.0" encoding="UTF-8"?>
<!-- Generated by org.testng.reporters.JUnitReportReporter -->
<testsuite hostname="MILO" failures="0" tests="1" name="store.GETInventory" time="3.547" errors="0" timestamp="2022-06-08T22:51:58 IST" skipped="0">
  <testcase classname="store.GETInventory" name="GetInventory" time="3.547"/>
  <system-out/>
</testsuite> <!-- store.GETInventory -->
