<?xml version="1.0" encoding="UTF-8"?>
<!-- Generated by org.testng.reporters.JUnitReportReporter -->
<testsuite hostname="MILO" failures="0" tests="1" name="pet.GETPetByStatus" time="10.671" errors="0" timestamp="2022-06-08T23:42:57 IST" skipped="0">
  <testcase classname="pet.GETPetByStatus" name="GetPets" time="10.671"/>
  <system-out/>
</testsuite> <!-- pet.GETPetByStatus -->
