<?xml version="1.0" encoding="UTF-8"?>
<!-- Generated by org.testng.reporters.JUnitReportReporter -->
<testsuite hostname="MILO" failures="0" tests="1" name="pet.POSTUploadImage" time="6.002" errors="0" timestamp="2022-06-09T13:39:50 IST" skipped="0">
  <testcase classname="pet.POSTUploadImage" name="UploadImage" time="6.002"/>
  <system-out/>
</testsuite> <!-- pet.POSTUploadImage -->
