<?xml version="1.0" encoding="UTF-8"?>
<!-- Generated by org.testng.reporters.JUnitReportReporter -->
<testsuite hostname="MILO" failures="0" tests="1" name="negativeTestCases.GETUserByName" time="8.286" errors="0" timestamp="2022-06-03T08:57:25 IST" skipped="0">
  <testcase classname="negativeTestCases.GETUserByName" name="petById" time="8.286"/>
  <system-out/>
</testsuite> <!-- negativeTestCases.GETUserByName -->
