<?xml version="1.0" encoding="UTF-8"?>
<!-- Generated by org.testng.reporters.JUnitReportReporter -->
<testsuite hostname="MILO" failures="0" tests="1" name="HTTPRequests.PUTUserDetails" time="2.532" errors="0" timestamp="2022-06-02T20:13:11 IST" skipped="0">
  <testcase classname="HTTPRequests.PUTUserDetails" name="UpdateUser" time="2.532"/>
  <system-out/>
</testsuite> <!-- HTTPRequests.PUTUserDetails -->
