<?xml version="1.0" encoding="UTF-8"?>
<!-- Generated by org.testng.reporters.JUnitReportReporter -->
<testsuite hostname="MILO" failures="0" tests="1" name="user.POSTCreateUsers2" time="4.442" errors="0" timestamp="2022-06-08T10:30:21 IST" skipped="0">
  <testcase classname="user.POSTCreateUsers2" name="PostCreateUser" time="4.442"/>
  <system-out/>
</testsuite> <!-- user.POSTCreateUsers2 -->
