<?xml version="1.0" encoding="UTF-8"?>
<!-- Generated by org.testng.reporters.JUnitReportReporter -->
<testsuite hostname="MILO" failures="0" tests="1" name="user.GETUserLogOut" time="3.613" errors="0" timestamp="2022-06-08T09:06:13 IST" skipped="0">
  <testcase classname="user.GETUserLogOut" name="userLogOut" time="3.613"/>
  <system-out/>
</testsuite> <!-- user.GETUserLogOut -->
