<?xml version="1.0" encoding="UTF-8"?>
<!-- Generated by org.testng.reporters.JUnitReportReporter -->
<testsuite hostname="MILO" failures="0" tests="1" name="HTTPRequests.GETUserLogOut" time="3.142" errors="0" timestamp="2022-06-02T20:14:02 IST" skipped="0">
  <testcase classname="HTTPRequests.GETUserLogOut" name="userLogOut" time="3.142"/>
  <system-out/>
</testsuite> <!-- HTTPRequests.GETUserLogOut -->
