<?xml version="1.0" encoding="UTF-8"?>
<!-- Generated by org.testng.reporters.JUnitReportReporter -->
<testsuite hostname="MILO" failures="0" tests="1" name="user.POSTCreateUsers" time="3.416" errors="0" timestamp="2022-06-09T12:01:19 IST" skipped="0">
  <testcase classname="user.POSTCreateUsers" name="PostCreateUser" time="3.416"/>
  <system-out/>
</testsuite> <!-- user.POSTCreateUsers -->
