<?xml version="1.0" encoding="UTF-8"?>
<!-- Generated by org.testng.reporters.JUnitReportReporter -->
<testsuite hostname="MILO" failures="0" tests="1" name="user.GETUserLogin" time="2.861" errors="0" timestamp="2022-06-03T09:49:54 IST" skipped="0">
  <testcase classname="user.GETUserLogin" name="userLogin" time="2.861"/>
  <system-out/>
</testsuite> <!-- user.GETUserLogin -->
