<?xml version="1.0" encoding="UTF-8"?>
<!-- Generated by org.testng.reporters.JUnitReportReporter -->
<testsuite hostname="MILO" failures="0" tests="1" name="pet.PUTUpdatePet" time="9.163" errors="0" timestamp="2022-06-09T00:02:17 IST" skipped="0">
  <testcase classname="pet.PUTUpdatePet" name="updatePet" time="9.163"/>
  <system-out/>
</testsuite> <!-- pet.PUTUpdatePet -->
