<?xml version="1.0" encoding="UTF-8"?>
<!-- Generated by org.testng.reporters.JUnitReportReporter -->
<testsuite hostname="MILO" failures="0" tests="1" name="user.GETCreateUsers" time="3.577" errors="0" timestamp="2022-06-08T10:25:17 IST" skipped="0">
  <testcase classname="user.GETCreateUsers" name="CreateUsersWithArray" time="3.577"/>
  <system-out/>
</testsuite> <!-- user.GETCreateUsers -->
