<?xml version="1.0" encoding="UTF-8"?>
<!-- Generated by org.testng.reporters.JUnitReportReporter -->
<testsuite hostname="MILO" failures="0" tests="1" name="negativeTestCases.GETPetById" time="4.600" errors="0" timestamp="2022-06-08T11:48:45 IST" skipped="0">
  <testcase classname="negativeTestCases.GETPetById" name="petById" time="4.600"/>
  <system-out/>
</testsuite> <!-- negativeTestCases.GETPetById -->
