<?xml version="1.0" encoding="UTF-8"?>
<!-- Generated by org.testng.reporters.JUnitReportReporter -->
<testsuite hostname="MILO" failures="0" tests="1" name="negativeTestCases.GETPurchaseByOrderId" time="8.594" errors="0" timestamp="2022-06-03T08:47:41 IST" skipped="0">
  <testcase classname="negativeTestCases.GETPurchaseByOrderId" name="petById" time="8.594"/>
  <system-out/>
</testsuite> <!-- negativeTestCases.GETPurchaseByOrderId -->
