<?xml version="1.0" encoding="UTF-8"?>
<!-- Generated by org.testng.reporters.JUnitReportReporter -->
<testsuite hostname="MILO" failures="0" tests="1" name="user.PUTUserDetails" time="4.127" errors="0" timestamp="2022-06-09T12:13:19 IST" skipped="0">
  <testcase classname="user.PUTUserDetails" name="UpdateUser" time="4.127"/>
  <system-out/>
</testsuite> <!-- user.PUTUserDetails -->
