<?xml version="1.0" encoding="UTF-8"?>
<!-- Generated by org.testng.reporters.JUnitReportReporter -->
<testsuite hostname="MILO" failures="0" tests="1" name="store.DELETEPurchaseByOrderId" time="3.539" errors="0" timestamp="2022-06-08T23:08:23 IST" skipped="0">
  <testcase classname="store.DELETEPurchaseByOrderId" name="DeleteUser" time="3.539"/>
  <system-out/>
</testsuite> <!-- store.DELETEPurchaseByOrderId -->
