<?xml version="1.0" encoding="UTF-8"?>
<!-- Generated by org.testng.reporters.JUnitReportReporter -->
<testsuite hostname="MILO" failures="0" tests="1" name="HTTPRequests.GETCreateUsers" time="2.655" errors="0" timestamp="2022-06-02T20:10:29 IST" skipped="0">
  <testcase classname="HTTPRequests.GETCreateUsers" name="CreateUsersWithArray" time="2.655"/>
  <system-out/>
</testsuite> <!-- HTTPRequests.GETCreateUsers -->
