<?xml version="1.0" encoding="UTF-8"?>
<!-- Generated by org.testng.reporters.JUnitReportReporter -->
<testsuite hostname="MILO" failures="0" tests="1" name="login.loginXML" time="9.416" errors="0" timestamp="2022-06-06T13:38:45 IST" skipped="0">
  <testcase classname="login.loginXML" name="login" time="9.416"/>
  <system-out/>
</testsuite> <!-- login.loginXML -->
