<?xml version="1.0" encoding="UTF-8"?>
<!-- Generated by org.testng.reporters.JUnitReportReporter -->
<testsuite hostname="MILO" failures="0" tests="1" name="checkout.JPetStoreCheckoutTest" time="3.327" errors="0" timestamp="2022-06-07T11:30:39 IST" skipped="0">
  <testcase classname="checkout.JPetStoreCheckoutTest" name="testOrderPlacedSuccessfully" time="3.327"/>
  <system-out/>
</testsuite> <!-- checkout.JPetStoreCheckoutTest -->
