<?xml version="1.0" encoding="UTF-8"?>
<!-- Generated by org.testng.reporters.JUnitReportReporter -->
<testsuite hostname="MILO" failures="0" tests="1" name="loginPOM.JPetStoreTest" time="2.871" errors="0" timestamp="2022-06-06T20:14:32 IST" skipped="0">
  <testcase classname="loginPOM.JPetStoreTest" name="testHomePageAppearCorrect" time="2.871"/>
  <system-out/>
</testsuite> <!-- loginPOM.JPetStoreTest -->
