<?xml version="1.0" encoding="UTF-8"?>
<!-- Generated by org.testng.reporters.JUnitReportReporter -->
<testsuite hostname="MILO" failures="0" tests="1" name="signUp.JPetStoreSignUpTest" time="2.270" errors="0" timestamp="2022-06-06T19:30:36 IST" skipped="0">
  <testcase classname="signUp.JPetStoreSignUpTest" name="testAccountCreatedSuccessfully" time="2.270"/>
  <system-out/>
</testsuite> <!-- signUp.JPetStoreSignUpTest -->
